<?xml version="1.0" encoding="UTF-8" ?>
<testsuite tests="9" failures="0" name="adt.bst.BstTest" time="0.016" errors="0" skipped="0">
  <properties>
    <property name="idea.version" value="2017.1.4"/>
    <property name="java.runtime.name" value="Java(TM) SE Runtime Environment"/>
    <property name="java.vm.version" value="9+175"/>
    <property name="sun.boot.library.path" value="/usr/lib/jvm/java-9-oracle/lib"/>
    <property name="maven.multiModuleProjectDirectory" value="/home/rerisson/Documentos/Repositórios Git/LEDA/leda-ufcg/R10-01-Rot-Arvore-Binaria-de-Busca-environment"/>
    <property name="java.vm.vendor" value="Oracle Corporation"/>
    <property name="java.vendor.url" value="http://java.oracle.com/"/>
    <property name="guice.disable.misplaced.annotation.check" value="true"/>
    <property name="path.separator" value=":"/>
    <property name="java.vm.name" value="Java HotSpot(TM) 64-Bit Server VM"/>
    <property name="file.encoding.pkg" value="sun.io"/>
    <property name="sun.os.patch.level" value="unknown"/>
    <property name="user.country" value="BR"/>
    <property name="sun.java.launcher" value="SUN_STANDARD"/>
    <property name="java.vm.specification.name" value="Java Virtual Machine Specification"/>
    <property name="user.dir" value="/home/rerisson/Documentos/Repositórios Git/LEDA/leda-ufcg/R10-01-Rot-Arvore-Binaria-de-Busca-environment"/>
    <property name="java.vm.compressedOopsMode" value="32-bit"/>
    <property name="java.runtime.version" value="9+175"/>
    <property name="java.awt.graphicsenv" value="sun.awt.X11GraphicsEnvironment"/>
    <property name="os.arch" value="amd64"/>
    <property name="java.io.tmpdir" value="/tmp"/>
    <property name="line.separator" value="
"/>
    <property name="java.vm.specification.vendor" value="Oracle Corporation"/>
    <property name="os.name" value="Linux"/>
    <property name="classworlds.conf" value="/usr/local/etc/idea-IU-171.4694.23/plugins/maven/lib/maven3/bin/m2.conf"/>
    <property name="sun.jnu.encoding" value="UTF-8"/>
    <property name="java.library.path" value="/usr/local/etc/idea-IU-171.4694.23/bin::/usr/java/packages/lib:/usr/lib64:/lib64:/lib:/usr/lib"/>
    <property name="jdk.debug" value="release"/>
    <property name="java.class.version" value="53.0"/>
    <property name="java.specification.name" value="Java Platform API Specification"/>
    <property name="sun.management.compiler" value="HotSpot 64-Bit Tiered Compilers"/>
    <property name="os.version" value="4.8.0-58-generic"/>
    <property name="user.home" value="/home/rerisson"/>
    <property name="user.timezone" value="America/Recife"/>
    <property name="java.awt.printerjob" value="sun.print.PSPrinterJob"/>
    <property name="file.encoding" value="UTF-8"/>
    <property name="java.specification.version" value="9"/>
    <property name="user.name" value="rerisson"/>
    <property name="java.class.path" value="/usr/local/etc/idea-IU-171.4694.23/plugins/maven/lib/maven3/boot/plexus-classworlds-2.5.2.jar"/>
    <property name="java.vm.specification.version" value="9"/>
    <property name="sun.arch.data.model" value="64"/>
    <property name="sun.java.command" value="org.codehaus.classworlds.Launcher -Didea.version=2017.1.4 install"/>
    <property name="java.home" value="/usr/lib/jvm/java-9-oracle"/>
    <property name="user.language" value="pt"/>
    <property name="java.specification.vendor" value="Oracle Corporation"/>
    <property name="awt.toolkit" value="sun.awt.X11.XToolkit"/>
    <property name="java.vm.info" value="mixed mode"/>
    <property name="java.version" value="9"/>
    <property name="securerandom.source" value="file:/dev/./urandom"/>
    <property name="java.vendor" value="Oracle Corporation"/>
    <property name="maven.home" value="/usr/local/etc/idea-IU-171.4694.23/plugins/maven/lib/maven3"/>
    <property name="file.separator" value="/"/>
    <property name="java.vendor.url.bug" value="http://bugreport.java.com/bugreport/"/>
    <property name="sun.io.unicode.encoding" value="UnicodeLittle"/>
    <property name="sun.cpu.endian" value="little"/>
    <property name="sun.desktop" value="gnome"/>
    <property name="sun.cpu.isalist" value=""/>
  </properties>
  <testcase classname="adt.bst.BstTest" name="testSucessorPredecessor" time="0.007"/>
  <testcase classname="adt.bst.BstTest" name="customTest" time="0.004"/>
  <testcase classname="adt.bst.BstTest" name="testInit" time="0"/>
  <testcase classname="adt.bst.BstTest" name="testSize" time="0.004"/>
  <testcase classname="adt.bst.BstTest" name="meuTeste" time="0"/>
  <testcase classname="adt.bst.BstTest" name="testHeight" time="0"/>
  <testcase classname="adt.bst.BstTest" name="testMinMax" time="0"/>
  <testcase classname="adt.bst.BstTest" name="testRemove" time="0.001"/>
  <testcase classname="adt.bst.BstTest" name="testSearch" time="0"/>
</testsuite>